<?xml version="1.0" encoding="UTF-8"?>
<testsuite name="tests.LoginTests" tests="1" skipped="0" failures="0" errors="0" timestamp="2022-06-28T15:43:02" hostname="MacBook-Pro-Taya.local" time="25.597">
  <properties/>
  <testcase name="loginSuccessSecond" classname="tests.LoginTests" time="25.597"/>
  <system-out><![CDATA[]]></system-out>
  <system-err><![CDATA[]]></system-err>
</testsuite>
