<?xml version="1.0" encoding="UTF-8"?>
<testsuite name="tests.RegistrationTests" tests="1" skipped="0" failures="0" errors="0" timestamp="2022-06-24T07:11:40" hostname="MacBook-Pro-Taya.local" time="14.919">
  <properties/>
  <testcase name="registrationSuccess" classname="tests.RegistrationTests" time="14.919"/>
  <system-out><![CDATA[]]></system-out>
  <system-err><![CDATA[]]></system-err>
</testsuite>
