<?xml version="1.0" encoding="UTF-8"?>
<testsuite name="tests.LaunchTest" tests="1" skipped="0" failures="0" errors="0" timestamp="2022-06-21T16:26:08" hostname="MacBook-Pro-Taya.local" time="0.001">
  <properties/>
  <testcase name="launchTest" classname="tests.LaunchTest" time="0.001"/>
  <system-out><![CDATA[]]></system-out>
  <system-err><![CDATA[]]></system-err>
</testsuite>
