<?xml version="1.0" encoding="UTF-8"?>
<testsuite name="tests.DeleteEventTest" tests="1" skipped="0" failures="0" errors="0" timestamp="2022-07-01T09:12:30" hostname="MacBook-Pro-Taya.local" time="24.486">
  <properties/>
  <testcase name="deleteEvent" classname="tests.DeleteEventTest" time="24.486"/>
  <system-out><![CDATA[12:12:15.055  INFO  manager.MyListener - Before find by --->By.xpath: //*[@resource-id='com.example.svetlana.scheduler:id/log_email_input']
12:12:15.471  INFO  manager.MyListener - We have a problem -->An element could not be located on the page using the given search parameters.
For documentation on this error, please visit: https://www.seleniumhq.org/exceptions/no_such_element.html
Build info: version: '4.0.0-alpha-1', revision: 'd1d3728cae', time: '2019-04-24T13:42:21'
System info: host: 'MacBook-Pro-Taya.local', ip: 'fe80:0:0:0:14ec:6267:8fcb:21fb%en0', os.name: 'Mac OS X', os.arch: 'x86_64', os.version: '11.6.5', java.version: '11.0.15.1'
Driver info: io.appium.java_client.AppiumDriver
Capabilities {app: /Users/tayahatum/Downloads/..., appActivity: .presentation.splashScreen...., appPackage: com.example.svetlana.scheduler, automationName: Appium, databaseEnabled: false, desired: {app: /Users/tayahatum/Downloads/..., appActivity: .presentation.splashScreen...., appPackage: com.example.svetlana.scheduler, automationName: Appium, deviceName: Nex, platformName: android, platformVersion: 8.0}, deviceApiLevel: 26, deviceManufacturer: Google, deviceModel: Android SDK built for x86, deviceName: emulator-5554, deviceScreenDensity: 480, deviceScreenSize: 1080x1920, deviceUDID: emulator-5554, javascriptEnabled: true, locationContextEnabled: false, networkConnectionEnabled: true, pixelRatio: 3, platform: LINUX, platformName: Android, platformVersion: 8.0.0, statBarHeight: 72, takesScreenshot: true, viewportRect: {height: 1704, left: 0, top: 72, width: 1080}, warnings: {}, webStorageEnabled: false}
Session ID: 134372f6-caef-4755-8465-c5f609e6e489
*** Element info: {Using=xpath, value=//*[@resource-id='com.example.svetlana.scheduler:id/log_email_input']}
12:12:15.472  INFO  manager.MyListener - We have a problem -->org.openqa.selenium.NoSuchElementException: An element could not be located on the page using the given search parameters.
For documentation on this error, please visit: https://www.seleniumhq.org/exceptions/no_such_element.html
Build info: version: '4.0.0-alpha-1', revision: 'd1d3728cae', time: '2019-04-24T13:42:21'
System info: host: 'MacBook-Pro-Taya.local', ip: 'fe80:0:0:0:14ec:6267:8fcb:21fb%en0', os.name: 'Mac OS X', os.arch: 'x86_64', os.version: '11.6.5', java.version: '11.0.15.1'
Driver info: io.appium.java_client.AppiumDriver
Capabilities {app: /Users/tayahatum/Downloads/..., appActivity: .presentation.splashScreen...., appPackage: com.example.svetlana.scheduler, automationName: Appium, databaseEnabled: false, desired: {app: /Users/tayahatum/Downloads/..., appActivity: .presentation.splashScreen...., appPackage: com.example.svetlana.scheduler, automationName: Appium, deviceName: Nex, platformName: android, platformVersion: 8.0}, deviceApiLevel: 26, deviceManufacturer: Google, deviceModel: Android SDK built for x86, deviceName: emulator-5554, deviceScreenDensity: 480, deviceScreenSize: 1080x1920, deviceUDID: emulator-5554, javascriptEnabled: true, locationContextEnabled: false, networkConnectionEnabled: true, pixelRatio: 3, platform: LINUX, platformName: Android, platformVersion: 8.0.0, statBarHeight: 72, takesScreenshot: true, viewportRect: {height: 1704, left: 0, top: 72, width: 1080}, warnings: {}, webStorageEnabled: false}
Session ID: 134372f6-caef-4755-8465-c5f609e6e489
*** Element info: {Using=xpath, value=//*[@resource-id='com.example.svetlana.scheduler:id/log_email_input']}
12:12:16.271  INFO  manager.MyListener - After find by ---->By.xpath: //*[@resource-id='com.example.svetlana.scheduler:id/log_email_input']
12:12:16.811  INFO  manager.MyListener - Before find by --->By.xpath: //*[@resource-id='com.example.svetlana.scheduler:id/log_email_input']
12:12:17.394  INFO  manager.MyListener - We have a problem -->An element could not be located on the page using the given search parameters.
For documentation on this error, please visit: https://www.seleniumhq.org/exceptions/no_such_element.html
Build info: version: '4.0.0-alpha-1', revision: 'd1d3728cae', time: '2019-04-24T13:42:21'
System info: host: 'MacBook-Pro-Taya.local', ip: 'fe80:0:0:0:14ec:6267:8fcb:21fb%en0', os.name: 'Mac OS X', os.arch: 'x86_64', os.version: '11.6.5', java.version: '11.0.15.1'
Driver info: io.appium.java_client.AppiumDriver
Capabilities {app: /Users/tayahatum/Downloads/..., appActivity: .presentation.splashScreen...., appPackage: com.example.svetlana.scheduler, automationName: Appium, databaseEnabled: false, desired: {app: /Users/tayahatum/Downloads/..., appActivity: .presentation.splashScreen...., appPackage: com.example.svetlana.scheduler, automationName: Appium, deviceName: Nex, platformName: android, platformVersion: 8.0}, deviceApiLevel: 26, deviceManufacturer: Google, deviceModel: Android SDK built for x86, deviceName: emulator-5554, deviceScreenDensity: 480, deviceScreenSize: 1080x1920, deviceUDID: emulator-5554, javascriptEnabled: true, locationContextEnabled: false, networkConnectionEnabled: true, pixelRatio: 3, platform: LINUX, platformName: Android, platformVersion: 8.0.0, statBarHeight: 72, takesScreenshot: true, viewportRect: {height: 1704, left: 0, top: 72, width: 1080}, warnings: {}, webStorageEnabled: false}
Session ID: 134372f6-caef-4755-8465-c5f609e6e489
*** Element info: {Using=xpath, value=//*[@resource-id='com.example.svetlana.scheduler:id/log_email_input']}
12:12:17.395  INFO  manager.MyListener - We have a problem -->org.openqa.selenium.NoSuchElementException: An element could not be located on the page using the given search parameters.
For documentation on this error, please visit: https://www.seleniumhq.org/exceptions/no_such_element.html
Build info: version: '4.0.0-alpha-1', revision: 'd1d3728cae', time: '2019-04-24T13:42:21'
System info: host: 'MacBook-Pro-Taya.local', ip: 'fe80:0:0:0:14ec:6267:8fcb:21fb%en0', os.name: 'Mac OS X', os.arch: 'x86_64', os.version: '11.6.5', java.version: '11.0.15.1'
Driver info: io.appium.java_client.AppiumDriver
Capabilities {app: /Users/tayahatum/Downloads/..., appActivity: .presentation.splashScreen...., appPackage: com.example.svetlana.scheduler, automationName: Appium, databaseEnabled: false, desired: {app: /Users/tayahatum/Downloads/..., appActivity: .presentation.splashScreen...., appPackage: com.example.svetlana.scheduler, automationName: Appium, deviceName: Nex, platformName: android, platformVersion: 8.0}, deviceApiLevel: 26, deviceManufacturer: Google, deviceModel: Android SDK built for x86, deviceName: emulator-5554, deviceScreenDensity: 480, deviceScreenSize: 1080x1920, deviceUDID: emulator-5554, javascriptEnabled: true, locationContextEnabled: false, networkConnectionEnabled: true, pixelRatio: 3, platform: LINUX, platformName: Android, platformVersion: 8.0.0, statBarHeight: 72, takesScreenshot: true, viewportRect: {height: 1704, left: 0, top: 72, width: 1080}, warnings: {}, webStorageEnabled: false}
Session ID: 134372f6-caef-4755-8465-c5f609e6e489
*** Element info: {Using=xpath, value=//*[@resource-id='com.example.svetlana.scheduler:id/log_email_input']}
12:12:19.702  INFO  manager.MyListener - After find by ---->By.xpath: //*[@resource-id='com.example.svetlana.scheduler:id/log_email_input']
12:12:20.259  INFO  manager.MyListener - Before find by --->By.xpath: //*[@resource-id='com.example.svetlana.scheduler:id/log_email_input']
12:12:20.743  INFO  manager.MyListener - After find by ---->By.xpath: //*[@resource-id='com.example.svetlana.scheduler:id/log_email_input']
12:12:21.050  INFO  manager.MyListener - Before find by --->By.xpath: //*[@resource-id='com.example.svetlana.scheduler:id/log_email_input']
12:12:21.362  INFO  manager.MyListener - After find by ---->By.xpath: //*[@resource-id='com.example.svetlana.scheduler:id/log_email_input']
12:12:21.493  INFO  manager.MyListener - Before find by --->By.xpath: //*[@resource-id='com.example.svetlana.scheduler:id/log_email_input']
12:12:23.031  INFO  manager.MyListener - After find by ---->By.xpath: //*[@resource-id='com.example.svetlana.scheduler:id/log_email_input']
12:12:23.169  INFO  manager.MyListener - Before find by --->By.xpath: //*[@resource-id='com.example.svetlana.scheduler:id/log_email_input']
12:12:24.077  INFO  manager.MyListener - After find by ---->By.xpath: //*[@resource-id='com.example.svetlana.scheduler:id/log_email_input']
12:12:25.044  INFO  manager.MyListener - Before find by --->By.xpath: //*[@resource-id='com.example.svetlana.scheduler:id/log_password_input']
12:12:25.804  INFO  manager.MyListener - After find by ---->By.xpath: //*[@resource-id='com.example.svetlana.scheduler:id/log_password_input']
12:12:25.956  INFO  manager.MyListener - Before find by --->By.xpath: //*[@resource-id='com.example.svetlana.scheduler:id/log_password_input']
12:12:27.356  INFO  manager.MyListener - After find by ---->By.xpath: //*[@resource-id='com.example.svetlana.scheduler:id/log_password_input']
12:12:27.481  INFO  manager.MyListener - Before find by --->By.xpath: //*[@resource-id='com.example.svetlana.scheduler:id/log_password_input']
12:12:28.182  INFO  manager.MyListener - After find by ---->By.xpath: //*[@resource-id='com.example.svetlana.scheduler:id/log_password_input']
12:12:30.042  INFO  manager.MyListener - Before find by --->By.xpath: //*[@resource-id='com.example.svetlana.scheduler:id/login_btn']
12:12:30.639  INFO  manager.MyListener - After find by ---->By.xpath: //*[@resource-id='com.example.svetlana.scheduler:id/login_btn']
12:12:33.140  INFO  manager.MyListener - Before find by --->By.xpath: //*[@resource-id='com.example.svetlana.scheduler:id/row_root']
12:12:39.754  INFO  manager.MyListener - After find by ---->By.xpath: //*[@resource-id='com.example.svetlana.scheduler:id/row_root']
12:12:40.065  INFO  manager.MyListener - Before find by --->By.xpath: //*[@resource-id='com.example.svetlana.scheduler:id/delete_menu']
12:12:41.636  INFO  manager.MyListener - We have a problem -->An element could not be located on the page using the given search parameters.
For documentation on this error, please visit: https://www.seleniumhq.org/exceptions/no_such_element.html
Build info: version: '4.0.0-alpha-1', revision: 'd1d3728cae', time: '2019-04-24T13:42:21'
System info: host: 'MacBook-Pro-Taya.local', ip: 'fe80:0:0:0:14ec:6267:8fcb:21fb%en0', os.name: 'Mac OS X', os.arch: 'x86_64', os.version: '11.6.5', java.version: '11.0.15.1'
Driver info: io.appium.java_client.AppiumDriver
Capabilities {app: /Users/tayahatum/Downloads/..., appActivity: .presentation.splashScreen...., appPackage: com.example.svetlana.scheduler, automationName: Appium, databaseEnabled: false, desired: {app: /Users/tayahatum/Downloads/..., appActivity: .presentation.splashScreen...., appPackage: com.example.svetlana.scheduler, automationName: Appium, deviceName: Nex, platformName: android, platformVersion: 8.0}, deviceApiLevel: 26, deviceManufacturer: Google, deviceModel: Android SDK built for x86, deviceName: emulator-5554, deviceScreenDensity: 480, deviceScreenSize: 1080x1920, deviceUDID: emulator-5554, javascriptEnabled: true, locationContextEnabled: false, networkConnectionEnabled: true, pixelRatio: 3, platform: LINUX, platformName: Android, platformVersion: 8.0.0, statBarHeight: 72, takesScreenshot: true, viewportRect: {height: 1704, left: 0, top: 72, width: 1080}, warnings: {}, webStorageEnabled: false}
Session ID: 134372f6-caef-4755-8465-c5f609e6e489
*** Element info: {Using=xpath, value=//*[@resource-id='com.example.svetlana.scheduler:id/delete_menu']}
12:12:41.638  INFO  manager.MyListener - We have a problem -->org.openqa.selenium.NoSuchElementException: An element could not be located on the page using the given search parameters.
For documentation on this error, please visit: https://www.seleniumhq.org/exceptions/no_such_element.html
Build info: version: '4.0.0-alpha-1', revision: 'd1d3728cae', time: '2019-04-24T13:42:21'
System info: host: 'MacBook-Pro-Taya.local', ip: 'fe80:0:0:0:14ec:6267:8fcb:21fb%en0', os.name: 'Mac OS X', os.arch: 'x86_64', os.version: '11.6.5', java.version: '11.0.15.1'
Driver info: io.appium.java_client.AppiumDriver
Capabilities {app: /Users/tayahatum/Downloads/..., appActivity: .presentation.splashScreen...., appPackage: com.example.svetlana.scheduler, automationName: Appium, databaseEnabled: false, desired: {app: /Users/tayahatum/Downloads/..., appActivity: .presentation.splashScreen...., appPackage: com.example.svetlana.scheduler, automationName: Appium, deviceName: Nex, platformName: android, platformVersion: 8.0}, deviceApiLevel: 26, deviceManufacturer: Google, deviceModel: Android SDK built for x86, deviceName: emulator-5554, deviceScreenDensity: 480, deviceScreenSize: 1080x1920, deviceUDID: emulator-5554, javascriptEnabled: true, locationContextEnabled: false, networkConnectionEnabled: true, pixelRatio: 3, platform: LINUX, platformName: Android, platformVersion: 8.0.0, statBarHeight: 72, takesScreenshot: true, viewportRect: {height: 1704, left: 0, top: 72, width: 1080}, warnings: {}, webStorageEnabled: false}
Session ID: 134372f6-caef-4755-8465-c5f609e6e489
*** Element info: {Using=xpath, value=//*[@resource-id='com.example.svetlana.scheduler:id/delete_menu']}
12:12:43.228  INFO  manager.MyListener - After find by ---->By.xpath: //*[@resource-id='com.example.svetlana.scheduler:id/delete_menu']
12:12:43.769  INFO  manager.MyListener - Before find by --->By.xpath: //*[@resource-id='com.example.svetlana.scheduler:id/delete_menu']
12:12:44.758  INFO  manager.MyListener - After find by ---->By.xpath: //*[@resource-id='com.example.svetlana.scheduler:id/delete_menu']
12:12:44.884  INFO  manager.MyListener - Before find by --->By.xpath: //*[@resource-id='com.example.svetlana.scheduler:id/delete_menu']
12:12:45.785  INFO  manager.MyListener - After find by ---->By.xpath: //*[@resource-id='com.example.svetlana.scheduler:id/delete_menu']
12:12:46.168  INFO  manager.MyListener - Before find by --->By.xpath: //*[@resource-id='com.example.svetlana.scheduler:id/fab_main']
12:12:52.341  INFO  manager.MyListener - After find by ---->By.xpath: //*[@resource-id='com.example.svetlana.scheduler:id/fab_main']
12:12:52.850  INFO  manager.MyListener - Before find by --->By.xpath: //*[@resource-id='com.example.svetlana.scheduler:id/fab_main']
12:12:55.278  INFO  manager.MyListener - After find by ---->By.xpath: //*[@resource-id='com.example.svetlana.scheduler:id/fab_main']
]]></system-out>
  <system-err><![CDATA[]]></system-err>
</testsuite>
