<?xml version="1.0" encoding="UTF-8"?>
<testsuite name="tests.LaunchTest" tests="1" skipped="0" failures="0" errors="0" timestamp="2022-06-21T17:59:31" hostname="MacBook-Pro-Taya.local" time="2.362">
  <properties/>
  <testcase name="launchTest" classname="tests.LaunchTest" time="2.362"/>
  <system-out><![CDATA[]]></system-out>
  <system-err><![CDATA[]]></system-err>
</testsuite>
